# JRE version: OpenJDK Runtime Environment AdoptOpenJDK-11.0.11+9 (11.0.11+9) (build 11.0.11+9)
# Java VM: OpenJDK 64-Bit Server VM AdoptOpenJDK-11.0.11+9 (11.0.11+9, mixed mode, tiered, compressed oops, g1 gc, windows-amd64)
Heap:
 garbage-first heap   total 258048K, used 19279K [0x0000000705600000, 0x0000000800000000)
  region size 1024K, 13 young (13312K), 5 survivors (5120K)
 Metaspace       used 30431K, capacity 31262K, committed 31488K, reserved 1077248K
  class space    used 3503K, capacity 3825K, committed 3840K, reserved 1048576K
GC Heap History (8 events):
Event: 1.950 GC heap before
{Heap before GC invocations=0 (full 0):
 garbage-first heap   total 258048K, used 24576K [0x0000000705600000, 0x0000000800000000)
  region size 1024K, 24 young (24576K), 0 survivors (0K)
 Metaspace       used 12503K, capacity 12720K, committed 12928K, reserved 1060864K
  class space    used 1238K, capacity 1329K, committed 1408K, reserved 1048576K
}
Event: 1.993 GC heap after
{Heap after GC invocations=1 (full 0):
 garbage-first heap   total 258048K, used 7222K [0x0000000705600000, 0x0000000800000000)
  region size 1024K, 3 young (3072K), 3 survivors (3072K)
 Metaspace       used 12503K, capacity 12720K, committed 12928K, reserved 1060864K
  class space    used 1238K, capacity 1329K, committed 1408K, reserved 1048576K
}
Event: 3.335 GC heap before
{Heap before GC invocations=1 (full 0):
 garbage-first heap   total 258048K, used 41014K [0x0000000705600000, 0x0000000800000000)
  region size 1024K, 37 young (37888K), 3 survivors (3072K)
 Metaspace       used 20621K, capacity 21077K, committed 21248K, reserved 1069056K
  class space    used 2235K, capacity 2444K, committed 2560K, reserved 1048576K
}
Event: 3.343 GC heap after
{Heap after GC invocations=2 (full 0):
 garbage-first heap   total 258048K, used 8815K [0x0000000705600000, 0x0000000800000000)
  region size 1024K, 5 young (5120K), 5 survivors (5120K)
 Metaspace       used 20621K, capacity 21077K, committed 21248K, reserved 1069056K
  class space    used 2235K, capacity 2444K, committed 2560K, reserved 1048576K
}
Event: 3.818 GC heap before
{Heap before GC invocations=3 (full 0):
 garbage-first heap   total 258048K, used 48751K [0x0000000705600000, 0x0000000800000000)
  region size 1024K, 45 young (46080K), 5 survivors (5120K)
 Metaspace       used 24464K, capacity 25088K, committed 25344K, reserved 1071104K
  class space    used 2747K, capacity 2971K, committed 3072K, reserved 1048576K
}
Event: 3.826 GC heap after
{Heap after GC invocations=4 (full 0):
 garbage-first heap   total 258048K, used 10252K [0x0000000705600000, 0x0000000800000000)
  region size 1024K, 4 young (4096K), 4 survivors (4096K)
 Metaspace       used 24464K, capacity 25088K, committed 25344K, reserved 1071104K
  class space    used 2747K, capacity 2971K, committed 3072K, reserved 1048576K
}
Event: 4.852 GC heap before
{Heap before GC invocations=4 (full 0):
 garbage-first heap   total 258048K, used 75788K [0x0000000705600000, 0x0000000800000000)
  region size 1024K, 69 young (70656K), 4 survivors (4096K)
 Metaspace       used 28812K, capacity 29628K, committed 29824K, reserved 1075200K
  class space    used 3304K, capacity 3622K, committed 3712K, reserved 1048576K
}
Event: 4.858 GC heap after
{Heap after GC invocations=5 (full 0):
 garbage-first heap   total 258048K, used 12111K [0x0000000705600000, 0x0000000800000000)
  region size 1024K, 5 young (5120K), 5 survivors (5120K)
 Metaspace       used 28812K, capacity 29628K, committed 29824K, reserved 1075200K
  class space    used 3304K, capacity 3622K, committed 3712K, reserved 1048576K
}

