# JRE version: OpenJDK Runtime Environment AdoptOpenJDK-11.0.11+9 (11.0.11+9) (build 11.0.11+9)
# Java VM: OpenJDK 64-Bit Server VM AdoptOpenJDK-11.0.11+9 (11.0.11+9, mixed mode, tiered, compressed oops, g1 gc, windows-amd64)
Heap:
 garbage-first heap   total 262144K, used 158759K [0x00000000e0000000, 0x0000000100000000)
  region size 1024K, 69 young (70656K), 11 survivors (11264K)
 Metaspace       used 69911K, capacity 72111K, committed 72444K, reserved 317440K
  class space    used 8725K, capacity 9498K, committed 9600K, reserved 253952K
GC Heap History (20 events):
Event: 13.791 GC heap before
{Heap before GC invocations=27 (full 0):
 garbage-first heap   total 262144K, used 224240K [0x00000000e0000000, 0x0000000100000000)
  region size 1024K, 121 young (123904K), 10 survivors (10240K)
 Metaspace       used 44224K, capacity 45250K, committed 45564K, reserved 294912K
  class space    used 5555K, capacity 5938K, committed 6016K, reserved 253952K
}
Event: 13.798 GC heap after
{Heap after GC invocations=28 (full 0):
 garbage-first heap   total 262144K, used 111879K [0x00000000e0000000, 0x0000000100000000)
  region size 1024K, 9 young (9216K), 9 survivors (9216K)
 Metaspace       used 44224K, capacity 45250K, committed 45564K, reserved 294912K
  class space    used 5555K, capacity 5938K, committed 6016K, reserved 253952K
}
Event: 14.044 GC heap before
{Heap before GC invocations=28 (full 0):
 garbage-first heap   total 262144K, used 225543K [0x00000000e0000000, 0x0000000100000000)
  region size 1024K, 120 young (122880K), 9 survivors (9216K)
 Metaspace       used 44224K, capacity 45250K, committed 45564K, reserved 294912K
  class space    used 5555K, capacity 5938K, committed 6016K, reserved 253952K
}
Event: 14.051 GC heap after
{Heap after GC invocations=29 (full 0):
 garbage-first heap   total 262144K, used 113020K [0x00000000e0000000, 0x0000000100000000)
  region size 1024K, 9 young (9216K), 9 survivors (9216K)
 Metaspace       used 44224K, capacity 45250K, committed 45564K, reserved 294912K
  class space    used 5555K, capacity 5938K, committed 6016K, reserved 253952K
}
Event: 14.257 GC heap before
{Heap before GC invocations=29 (full 0):
 garbage-first heap   total 262144K, used 225660K [0x00000000e0000000, 0x0000000100000000)
  region size 1024K, 119 young (121856K), 9 survivors (9216K)
 Metaspace       used 44224K, capacity 45250K, committed 45564K, reserved 294912K
  class space    used 5555K, capacity 5938K, committed 6016K, reserved 253952K
}
Event: 14.264 GC heap after
{Heap after GC invocations=30 (full 0):
 garbage-first heap   total 262144K, used 114154K [0x00000000e0000000, 0x0000000100000000)
  region size 1024K, 9 young (9216K), 9 survivors (9216K)
 Metaspace       used 44224K, capacity 45250K, committed 45564K, reserved 294912K
  class space    used 5555K, capacity 5938K, committed 6016K, reserved 253952K
}
Event: 14.974 GC heap before
{Heap before GC invocations=30 (full 0):
 garbage-first heap   total 262144K, used 224746K [0x00000000e0000000, 0x0000000100000000)
  region size 1024K, 117 young (119808K), 9 survivors (9216K)
 Metaspace       used 44263K, capacity 45250K, committed 45564K, reserved 294912K
  class space    used 5555K, capacity 5938K, committed 6016K, reserved 253952K
}
Event: 14.975 GC heap after
{Heap after GC invocations=31 (full 0):
 garbage-first heap   total 262144K, used 103718K [0x00000000e0000000, 0x0000000100000000)
  region size 1024K, 3 young (3072K), 3 survivors (3072K)
 Metaspace       used 44263K, capacity 45250K, committed 45564K, reserved 294912K
  class space    used 5555K, capacity 5938K, committed 6016K, reserved 253952K
}
Event: 16.210 GC heap before
{Heap before GC invocations=31 (full 0):
 garbage-first heap   total 262144K, used 231718K [0x00000000e0000000, 0x0000000100000000)
  region size 1024K, 123 young (125952K), 3 survivors (3072K)
 Metaspace       used 50930K, capacity 52250K, committed 52348K, reserved 301056K
  class space    used 6393K, capacity 6859K, committed 6912K, reserved 253952K
}
Event: 16.216 GC heap after
{Heap after GC invocations=32 (full 0):
 garbage-first heap   total 262144K, used 114901K [0x00000000e0000000, 0x0000000100000000)
  region size 1024K, 9 young (9216K), 9 survivors (9216K)
 Metaspace       used 50930K, capacity 52250K, committed 52348K, reserved 301056K
  class space    used 6393K, capacity 6859K, committed 6912K, reserved 253952K
}
Event: 17.118 GC heap before
{Heap before GC invocations=32 (full 0):
 garbage-first heap   total 262144K, used 214229K [0x00000000e0000000, 0x0000000100000000)
  region size 1024K, 99 young (101376K), 9 survivors (9216K)
 Metaspace       used 57762K, capacity 59561K, committed 59644K, reserved 307200K
  class space    used 7384K, capacity 8004K, committed 8064K, reserved 253952K
}
Event: 17.128 GC heap after
{Heap after GC invocations=33 (full 0):
 garbage-first heap   total 262144K, used 131951K [0x00000000e0000000, 0x0000000100000000)
  region size 1024K, 15 young (15360K), 15 survivors (15360K)
 Metaspace       used 57762K, capacity 59561K, committed 59644K, reserved 307200K
  class space    used 7384K, capacity 8004K, committed 8064K, reserved 253952K
}
Event: 18.439 GC heap before
{Heap before GC invocations=34 (full 0):
 garbage-first heap   total 262144K, used 178031K [0x00000000e0000000, 0x0000000100000000)
  region size 1024K, 101 young (103424K), 15 survivors (15360K)
 Metaspace       used 61026K, capacity 62881K, committed 62972K, reserved 309248K
  class space    used 7674K, capacity 8308K, committed 8320K, reserved 253952K
}
Event: 18.452 GC heap after
{Heap after GC invocations=35 (full 0):
 garbage-first heap   total 262144K, used 96809K [0x00000000e0000000, 0x0000000100000000)
  region size 1024K, 7 young (7168K), 7 survivors (7168K)
 Metaspace       used 61026K, capacity 62881K, committed 62972K, reserved 309248K
  class space    used 7674K, capacity 8308K, committed 8320K, reserved 253952K
}
Event: 18.513 GC heap before
{Heap before GC invocations=35 (full 0):
 garbage-first heap   total 262144K, used 100905K [0x00000000e0000000, 0x0000000100000000)
  region size 1024K, 12 young (12288K), 7 survivors (7168K)
 Metaspace       used 61062K, capacity 62888K, committed 62972K, reserved 309248K
  class space    used 7676K, capacity 8310K, committed 8320K, reserved 253952K
}
Event: 18.520 GC heap after
{Heap after GC invocations=36 (full 0):
 garbage-first heap   total 262144K, used 90631K [0x00000000e0000000, 0x0000000100000000)
  region size 1024K, 2 young (2048K), 2 survivors (2048K)
 Metaspace       used 61062K, capacity 62888K, committed 62972K, reserved 309248K
  class space    used 7676K, capacity 8310K, committed 8320K, reserved 253952K
}
Event: 19.455 GC heap before
{Heap before GC invocations=36 (full 0):
 garbage-first heap   total 262144K, used 199175K [0x00000000e0000000, 0x0000000100000000)
  region size 1024K, 108 young (110592K), 2 survivors (2048K)
 Metaspace       used 62524K, capacity 64416K, committed 64508K, reserved 311296K
  class space    used 7811K, capacity 8485K, committed 8576K, reserved 253952K
}
Event: 19.459 GC heap after
{Heap after GC invocations=37 (full 0):
 garbage-first heap   total 262144K, used 92987K [0x00000000e0000000, 0x0000000100000000)
  region size 1024K, 4 young (4096K), 4 survivors (4096K)
 Metaspace       used 62524K, capacity 64416K, committed 64508K, reserved 311296K
  class space    used 7811K, capacity 8485K, committed 8576K, reserved 253952K
}
Event: 20.662 GC heap before
{Heap before GC invocations=37 (full 0):
 garbage-first heap   total 262144K, used 203579K [0x00000000e0000000, 0x0000000100000000)
  region size 1024K, 112 young (114688K), 4 survivors (4096K)
 Metaspace       used 68121K, capacity 70251K, committed 70396K, reserved 315392K
  class space    used 8531K, capacity 9255K, committed 9344K, reserved 253952K
}
Event: 20.671 GC heap after
{Heap after GC invocations=38 (full 0):
 garbage-first heap   total 262144K, used 100391K [0x00000000e0000000, 0x0000000100000000)
  region size 1024K, 11 young (11264K), 11 survivors (11264K)
 Metaspace       used 68121K, capacity 70251K, committed 70396K, reserved 315392K
  class space    used 8531K, capacity 9255K, committed 9344K, reserved 253952K
}

