# JRE version: OpenJDK Runtime Environment AdoptOpenJDK-11.0.11+9 (11.0.11+9) (build 11.0.11+9)
# Java VM: OpenJDK 64-Bit Server VM AdoptOpenJDK-11.0.11+9 (11.0.11+9, mixed mode, tiered, compressed oops, g1 gc, windows-amd64)
Heap:
 garbage-first heap   total 310272K, used 54591K [0x0000000705600000, 0x0000000800000000)
  region size 1024K, 45 young (46080K), 13 survivors (13312K)
 Metaspace       used 62816K, capacity 64322K, committed 64644K, reserved 1105920K
  class space    used 7940K, capacity 8552K, committed 8680K, reserved 1048576K
GC Heap History (16 events):
Event: 0.696 GC heap before
{Heap before GC invocations=0 (full 0):
 garbage-first heap   total 258048K, used 24576K [0x0000000705600000, 0x0000000800000000)
  region size 1024K, 24 young (24576K), 0 survivors (0K)
 Metaspace       used 12421K, capacity 12671K, committed 12928K, reserved 1060864K
  class space    used 1244K, capacity 1358K, committed 1408K, reserved 1048576K
}
Event: 0.700 GC heap after
{Heap after GC invocations=1 (full 0):
 garbage-first heap   total 258048K, used 6947K [0x0000000705600000, 0x0000000800000000)
  region size 1024K, 3 young (3072K), 3 survivors (3072K)
 Metaspace       used 12421K, capacity 12671K, committed 12928K, reserved 1060864K
  class space    used 1244K, capacity 1358K, committed 1408K, reserved 1048576K
}
Event: 1.234 GC heap before
{Heap before GC invocations=1 (full 0):
 garbage-first heap   total 258048K, used 40739K [0x0000000705600000, 0x0000000800000000)
  region size 1024K, 37 young (37888K), 3 survivors (3072K)
 Metaspace       used 20580K, capacity 21047K, committed 21248K, reserved 1069056K
  class space    used 2228K, capacity 2435K, committed 2560K, reserved 1048576K
}
Event: 1.239 GC heap after
{Heap after GC invocations=2 (full 0):
 garbage-first heap   total 258048K, used 8972K [0x0000000705600000, 0x0000000800000000)
  region size 1024K, 2 young (2048K), 2 survivors (2048K)
 Metaspace       used 20580K, capacity 21047K, committed 21248K, reserved 1069056K
  class space    used 2228K, capacity 2435K, committed 2560K, reserved 1048576K
}
Event: 1.244 GC heap before
{Heap before GC invocations=2 (full 0):
 garbage-first heap   total 258048K, used 8972K [0x0000000705600000, 0x0000000800000000)
  region size 1024K, 3 young (3072K), 2 survivors (2048K)
 Metaspace       used 20674K, capacity 21137K, committed 21296K, reserved 1069056K
  class space    used 2238K, capacity 2444K, committed 2560K, reserved 1048576K
}
Event: 1.247 GC heap after
{Heap after GC invocations=3 (full 0):
 garbage-first heap   total 258048K, used 8949K [0x0000000705600000, 0x0000000800000000)
  region size 1024K, 2 young (2048K), 2 survivors (2048K)
 Metaspace       used 20674K, capacity 21137K, committed 21296K, reserved 1069056K
  class space    used 2238K, capacity 2444K, committed 2560K, reserved 1048576K
}
Event: 1.557 GC heap before
{Heap before GC invocations=4 (full 0):
 garbage-first heap   total 258048K, used 52981K [0x0000000705600000, 0x0000000800000000)
  region size 1024K, 46 young (47104K), 2 survivors (2048K)
 Metaspace       used 24475K, capacity 25088K, committed 25344K, reserved 1071104K
  class space    used 2751K, capacity 2971K, committed 3072K, reserved 1048576K
}
Event: 1.560 GC heap after
{Heap after GC invocations=5 (full 0):
 garbage-first heap   total 258048K, used 10245K [0x0000000705600000, 0x0000000800000000)
  region size 1024K, 4 young (4096K), 4 survivors (4096K)
 Metaspace       used 24475K, capacity 25088K, committed 25344K, reserved 1071104K
  class space    used 2751K, capacity 2971K, committed 3072K, reserved 1048576K
}
Event: 2.307 GC heap before
{Heap before GC invocations=5 (full 0):
 garbage-first heap   total 258048K, used 81925K [0x0000000705600000, 0x0000000800000000)
  region size 1024K, 75 young (76800K), 4 survivors (4096K)
 Metaspace       used 30787K, capacity 31603K, committed 31872K, reserved 1077248K
  class space    used 3568K, capacity 3876K, committed 3968K, reserved 1048576K
}
Event: 2.311 GC heap after
{Heap after GC invocations=6 (full 0):
 garbage-first heap   total 258048K, used 12982K [0x0000000705600000, 0x0000000800000000)
  region size 1024K, 6 young (6144K), 6 survivors (6144K)
 Metaspace       used 30787K, capacity 31603K, committed 31872K, reserved 1077248K
  class space    used 3568K, capacity 3876K, committed 3968K, reserved 1048576K
}
Event: 2.823 GC heap before
{Heap before GC invocations=6 (full 0):
 garbage-first heap   total 258048K, used 38582K [0x0000000705600000, 0x0000000800000000)
  region size 1024K, 32 young (32768K), 6 survivors (6144K)
 Metaspace       used 34763K, capacity 35743K, committed 35920K, reserved 1081344K
  class space    used 4089K, capacity 4480K, committed 4480K, reserved 1048576K
}
Event: 2.834 GC heap after
{Heap after GC invocations=7 (full 0):
 garbage-first heap   total 258048K, used 15087K [0x0000000705600000, 0x0000000800000000)
  region size 1024K, 8 young (8192K), 8 survivors (8192K)
 Metaspace       used 34763K, capacity 35743K, committed 35920K, reserved 1081344K
  class space    used 4089K, capacity 4480K, committed 4480K, reserved 1048576K
}
Event: 3.953 GC heap before
{Heap before GC invocations=8 (full 0):
 garbage-first heap   total 258048K, used 137967K [0x0000000705600000, 0x0000000800000000)
  region size 1024K, 129 young (132096K), 8 survivors (8192K)
 Metaspace       used 50521K, capacity 51799K, committed 51996K, reserved 1095680K
  class space    used 6207K, capacity 6713K, committed 6784K, reserved 1048576K
}
Event: 3.967 GC heap after
{Heap after GC invocations=9 (full 0):
 garbage-first heap   total 310272K, used 20154K [0x0000000705600000, 0x0000000800000000)
  region size 1024K, 13 young (13312K), 13 survivors (13312K)
 Metaspace       used 50521K, capacity 51799K, committed 51996K, reserved 1095680K
  class space    used 6207K, capacity 6713K, committed 6784K, reserved 1048576K
}
Event: 4.742 GC heap before
{Heap before GC invocations=9 (full 0):
 garbage-first heap   total 310272K, used 86714K [0x0000000705600000, 0x0000000800000000)
  region size 1024K, 79 young (80896K), 13 survivors (13312K)
 Metaspace       used 59025K, capacity 60307K, committed 60420K, reserved 1101824K
  class space    used 7415K, capacity 7942K, committed 8040K, reserved 1048576K
}
Event: 4.759 GC heap after
{Heap after GC invocations=10 (full 0):
 garbage-first heap   total 310272K, used 22847K [0x0000000705600000, 0x0000000800000000)
  region size 1024K, 13 young (13312K), 13 survivors (13312K)
 Metaspace       used 59025K, capacity 60307K, committed 60420K, reserved 1101824K
  class space    used 7415K, capacity 7942K, committed 8040K, reserved 1048576K
}

